<?xml version="1.0" encoding="UTF-8"?>
<!-- Generated by org.testng.reporters.JUnitReportReporter -->
<testsuite skipped="0" hostname="USLMAGVIJAYARA1" name="testngfiles.Annotation1" tests="3" failures="0" timestamp="26 Apr 2018 13:48:33 GMT" time="0.010" errors="0">
  <testcase name="dataprov" time="0.002" classname="testngfiles.Annotation1"/>
  <testcase name="dataprov" time="0.002" classname="testngfiles.Annotation1"/>
  <testcase name="dataprov" time="0.006" classname="testngfiles.Annotation1"/>
</testsuite> <!-- testngfiles.Annotation1 -->
