<?xml version="1.0" encoding="UTF-8"?>
<!-- Generated by org.testng.reporters.JUnitReportReporter -->
<testsuite skipped="0" hostname="USLMAGVIJAYARA1" name="testngfiles.Annotation1" tests="3" failures="0" timestamp="06 Mar 2018 17:57:24 GMT" time="0.026" errors="0">
  <testcase name="dataprov" time="0.005" classname="testngfiles.Annotation1"/>
  <testcase name="dataprov" time="0.016" classname="testngfiles.Annotation1"/>
  <testcase name="dataprov" time="0.005" classname="testngfiles.Annotation1"/>
</testsuite> <!-- testngfiles.Annotation1 -->
