<?xml version="1.0" encoding="UTF-8"?>
<!-- Generated by org.testng.reporters.JUnitReportReporter -->
<testsuite skipped="0" hostname="USLMAGVIJAYARA1" name="Suite1.firstcodetng" tests="1" failures="0" timestamp="06 Mar 2018 17:57:24 GMT" time="9.234" errors="0">
  <testcase name="fbtest" time="9.234" classname="Suite1.firstcodetng"/>
</testsuite> <!-- Suite1.firstcodetng -->
